Build started 1/10/2013 1:18:07 AM.
     1>Project "C:\Users\Rahul\Desktop\Work\of_v0071_vs2010_release\apps\myApps\ThesisProject\Thesis_Project.vcxproj" on node 3 (build target(s)).
     1>InitializeBuildStatus:
         Creating "obj\Debug\Thesis_Project.unsuccessfulbuild" because "AlwaysCreate" was specified.
       ClCompile:
         c:\Program Files (x86)\Microsoft Visual Studio 10.0\VC\bin\CL.exe /c /I..\..\..\libs\openFrameworks /I..\..\..\libs\openFrameworks\graphics /I..\..\..\libs\openFrameworks\app /I..\..\..\libs\openFrameworks\sound /I..\..\..\libs\openFrameworks\utils /I..\..\..\libs\openFrameworks\communication /I..\..\..\libs\openFrameworks\video /I..\..\..\libs\openFrameworks\types /I..\..\..\libs\openFrameworks\math /I..\..\..\libs\openFrameworks\3d /I..\..\..\libs\openFrameworks\gl /I..\..\..\libs\openFrameworks\events /I..\..\..\libs\glut\include /I..\..\..\libs\rtAudio\include /I..\..\..\libs\quicktime\include /I..\..\..\libs\freetype\include /I..\..\..\libs\freetype\include\freetype2 /I..\..\..\libs\freeImage\include /I..\..\..\libs\fmodex\include /I..\..\..\libs\videoInput\include /I..\..\..\libs\glew\include\ /I..\..\..\libs\glu\include /I..\..\..\libs\tess2\include /I..\..\..\libs\cairo\include\cairo /I..\..\..\libs\poco\include /I..\..\..\addons /Isrc /I..\..\..\addons\ofxNetwork\libs /I..\..\..\addons\ofxNetwork\src /I..\..\..\addons\ofxThread\libs /I..\..\..\addons\ofxThread\src /I..\..\..\addons\ofx3DModelLoader\libs /I..\..\..\addons\ofx3DModelLoader\src /I..\..\..\addons\ofx3DModelLoader\src\3DS /Isrc\TrackerStuff /Isrc\VuzixSDK\inc /I..\..\..\addons\ofxVectorMath\src /I..\..\..\addons\ofxObjLoader\src /I..\..\..\addons\ofxObjLoader\glm /I..\..\..\addons\ofxAssimpModelLoader\src /I..\..\..\addons\ofxAssimpModelLoader\libs\assimp\include /ZI /nologo /W3 /WX- /Od /Oy- /D WIN32 /D _DEBUG /D _CONSOLE /D POCO_STATIC /D CAIRO_WIN32_STATIC_BUILD /D DISABLE_SOME_FLOATING_POINT /D _UNICODE /D UNICODE /Gm /EHsc /RTC1 /MDd /GS /fp:precise /Zc:wchar_t /Zc:forScope /Fo"obj\Debug\\" /Fd"obj\Debug\vc100.pdb" /Gd /TP /analyze- /errorReport:prompt ..\..\..\addons\ofxARtoolkitPlus\src\ofxARToolkitPlus.cpp ..\..\..\addons\ofxAssimpModelLoader\src\ofxAssimpModelLoader.cpp ..\..\..\addons\ofxOpenCv\src\ofxCvColorImage.cpp ..\..\..\addons\ofxOpenCv\src\ofxCvContourFinder.cpp ..\..\..\addons\ofxOpenCv\src\ofxCvFloatImage.cpp ..\..\..\addons\ofxOpenCv\src\ofxCvGrayscaleImage.cpp ..\..\..\addons\ofxOpenCv\src\ofxCvHaarFinder.cpp ..\..\..\addons\ofxOpenCv\src\ofxCvImage.cpp ..\..\..\addons\ofxOpenCv\src\ofxCvShortImage.cpp ..\..\..\addons\ofxXmlSettings\libs\tinyxml.cpp ..\..\..\addons\ofxXmlSettings\libs\tinyxmlerror.cpp ..\..\..\addons\ofxXmlSettings\libs\tinyxmlparser.cpp ..\..\..\addons\ofxXmlSettings\src\ofxXmlSettings.cpp src\main.cpp src\Models.cpp src\testApp.cpp
         testApp.cpp
     1>c:\users\rahul\desktop\work\of_v0071_vs2010_release\apps\myapps\thesisproject\src\testapp.h(27): fatal error C1083: Cannot open include file: 'ofxXmlSettings.h': No such file or directory
         Models.cpp
         main.cpp
     1>c:\users\rahul\desktop\work\of_v0071_vs2010_release\apps\myapps\thesisproject\src\testapp.h(27): fatal error C1083: Cannot open include file: 'ofxXmlSettings.h': No such file or directory
         ofxXmlSettings.cpp
     1>c:\users\rahul\desktop\work\of_v0071_vs2010_release\addons\ofxxmlsettings\src\ofxxmlsettings.h(6): fatal error C1083: Cannot open include file: 'tinyxml.h': No such file or directory
         tinyxmlparser.cpp
         tinyxmlerror.cpp
         tinyxml.cpp
         ofxCvShortImage.cpp
     1>c:\users\rahul\desktop\work\of_v0071_vs2010_release\addons\ofxopencv\src\ofxcvconstants.h(11): fatal error C1083: Cannot open include file: 'cv.h': No such file or directory
         ofxCvImage.cpp
     1>c:\users\rahul\desktop\work\of_v0071_vs2010_release\addons\ofxopencv\src\ofxcvconstants.h(11): fatal error C1083: Cannot open include file: 'cv.h': No such file or directory
         ofxCvHaarFinder.cpp
     1>c:\users\rahul\desktop\work\of_v0071_vs2010_release\addons\ofxopencv\src\ofxcvconstants.h(11): fatal error C1083: Cannot open include file: 'cv.h': No such file or directory
         ofxCvGrayscaleImage.cpp
     1>c:\users\rahul\desktop\work\of_v0071_vs2010_release\addons\ofxopencv\src\ofxcvconstants.h(11): fatal error C1083: Cannot open include file: 'cv.h': No such file or directory
         ofxCvFloatImage.cpp
     1>c:\users\rahul\desktop\work\of_v0071_vs2010_release\addons\ofxopencv\src\ofxcvconstants.h(11): fatal error C1083: Cannot open include file: 'cv.h': No such file or directory
         ofxCvContourFinder.cpp
     1>c:\users\rahul\desktop\work\of_v0071_vs2010_release\addons\ofxopencv\src\ofxcvconstants.h(11): fatal error C1083: Cannot open include file: 'cv.h': No such file or directory
         ofxCvColorImage.cpp
     1>c:\users\rahul\desktop\work\of_v0071_vs2010_release\addons\ofxopencv\src\ofxcvconstants.h(11): fatal error C1083: Cannot open include file: 'cv.h': No such file or directory
         ofxAssimpModelLoader.cpp
         ofxARToolkitPlus.cpp
     1>c:\users\rahul\desktop\work\of_v0071_vs2010_release\addons\ofxartoolkitplus\src\ofxartoolkitplus.h(4): fatal error C1083: Cannot open include file: 'ar.h': No such file or directory
         Generating Code...
     1>Done Building Project "C:\Users\Rahul\Desktop\Work\of_v0071_vs2010_release\apps\myApps\ThesisProject\Thesis_Project.vcxproj" (build target(s)) -- FAILED.

Build FAILED.

Time Elapsed 00:00:17.01
